{
  "RSpec": {
    "coverage": {
      "/home/positive-writer-4625/tic-tac-toe-rb-ruby-intro-000/lib/tic_tac_toe.rb": [
        1,
        20,
        20,
        20,
        20,
        20,
        null,
        null,
        1,
        19,
        null,
        null,
        1,
        19,
        null,
        null,
        1,
        19,
        null,
        null,
        1,
        16,
        16,
        16,
        16,
        15,
        15,
        null,
        1,
        null,
        null,
        null,
        1,
        21,
        null,
        null,
        1,
        2,
        null,
        2,
        18,
        5,
        null,
        null,
        2,
        null,
        null,
        1,
        1,
        null,
        1,
        1,
        0,
        0,
        null,
        null,
        null,
        1,
        71,
        454,
        454,
        454,
        null,
        454,
        454,
        454,
        null,
        454,
        20,
        434,
        5,
        null,
        null,
        46,
        null,
        null,
        1,
        31,
        117,
        23,
        null,
        null,
        8,
        null,
        null,
        1,
        18,
        7,
        11,
        8,
        3,
        3,
        null,
        0,
        null,
        null,
        null,
        1,
        17,
        10,
        null,
        7,
        null,
        null,
        null,
        1,
        26,
        null,
        26,
        13,
        null,
        13,
        9,
        4,
        4,
        null,
        null,
        null,
        null,
        null,
        1,
        12,
        13,
        null,
        12,
        6,
        6,
        3,
        null,
        null,
        null,
        null,
        1,
        null,
        null,
        null,
        null,
        null,
        null,
        null,
        null
      ]
    },
    "timestamp": 1604807003
  }
}
